<?xml version="1.0" encoding="UTF-8"?>
<!-- Generated by org.testng.reporters.JUnitReportReporter -->
<testsuite skipped="0" hostname="Yi-Jiun-Lious-MacBook-Pro.local" name="addToCart.Shop" tests="1" failures="0" timestamp="31 Jul 2017 04:45:14 GMT" time="24.473" errors="0">
  <testcase name="seleniumTsting" time="24.473" classname="addToCart.Shop"/>
</testsuite> <!-- addToCart.Shop -->
