<?xml version="1.0" encoding="UTF-8"?>
<!-- Generated by org.testng.reporters.JUnitReportReporter -->
<testsuite skipped="0" hostname="Yi-Jiun-Lious-MacBook-Pro.local" name="YourLogo.login" tests="1" failures="0" timestamp="23 Jun 2017 05:22:26 GMT" time="11.003" errors="0">
  <testcase name="seleniumTesting" time="11.003" classname="YourLogo.login"/>
</testsuite> <!-- YourLogo.login -->
